<?xml version="1.0" encoding="UTF-8"?>
<testng-results ignored="0" total="5" passed="5" failed="0" skipped="0">
  <reporter-output>
  </reporter-output>
  <suite started-at="2021-08-14T19:12:26 GST" name="Nagarro Automation " finished-at="2021-08-14T19:12:55 GST" duration-ms="28454">
    <groups>
    </groups>
    <test started-at="2021-08-14T19:12:26 GST" name="Web and API Test" finished-at="2021-08-14T19:12:55 GST" duration-ms="28454">
      <class name="com.qa.web.test.ControlGroupTest">
        <test-method is-config="true" signature="setup()[pri:0, instance:com.qa.web.test.ControlGroupTest@815b41f]" started-at="2021-08-14T19:12:41 GST" name="setup" finished-at="2021-08-14T19:12:45 GST" duration-ms="3973" status="PASS">
          <reporter-output>
          </reporter-output>
        </test-method> <!-- setup -->
        <test-method signature="performaction()[pri:0, instance:com.qa.web.test.ControlGroupTest@815b41f]" started-at="2021-08-14T19:12:45 GST" name="performaction" finished-at="2021-08-14T19:12:48 GST" duration-ms="2803" status="PASS">
          <reporter-output>
          </reporter-output>
        </test-method> <!-- performaction -->
        <test-method is-config="true" signature="teardown()[pri:0, instance:com.qa.web.test.ControlGroupTest@815b41f]" started-at="2021-08-14T19:12:48 GST" name="teardown" finished-at="2021-08-14T19:12:48 GST" duration-ms="142" status="PASS">
          <reporter-output>
          </reporter-output>
        </test-method> <!-- teardown -->
      </class> <!-- com.qa.web.test.ControlGroupTest -->
      <class name="com.qa.web.test.SelectableTest">
        <test-method is-config="true" signature="setup()[pri:0, instance:com.qa.web.test.SelectableTest@3b69e7d1]" started-at="2021-08-14T19:12:35 GST" name="setup" finished-at="2021-08-14T19:12:39 GST" duration-ms="3799" status="PASS">
          <reporter-output>
          </reporter-output>
        </test-method> <!-- setup -->
        <test-method signature="selectItems()[pri:0, instance:com.qa.web.test.SelectableTest@3b69e7d1]" started-at="2021-08-14T19:12:39 GST" name="selectItems" finished-at="2021-08-14T19:12:41 GST" duration-ms="2222" status="PASS">
          <reporter-output>
          </reporter-output>
        </test-method> <!-- selectItems -->
        <test-method is-config="true" signature="teardown()[pri:0, instance:com.qa.web.test.SelectableTest@3b69e7d1]" started-at="2021-08-14T19:12:41 GST" name="teardown" finished-at="2021-08-14T19:12:41 GST" duration-ms="124" status="PASS">
          <reporter-output>
          </reporter-output>
        </test-method> <!-- teardown -->
      </class> <!-- com.qa.web.test.SelectableTest -->
      <class name="com.qa.api.test.APITest">
        <test-method signature="getRequest()[pri:0, instance:com.qa.api.test.APITest@5542c4ed]" started-at="2021-08-14T19:12:48 GST" name="getRequest" finished-at="2021-08-14T19:12:53 GST" duration-ms="4624" status="PASS">
          <reporter-output>
          </reporter-output>
        </test-method> <!-- getRequest -->
        <test-method signature="postRequest()[pri:0, instance:com.qa.api.test.APITest@5542c4ed]" started-at="2021-08-14T19:12:53 GST" name="postRequest" finished-at="2021-08-14T19:12:55 GST" duration-ms="1609" status="PASS">
          <reporter-output>
          </reporter-output>
        </test-method> <!-- postRequest -->
      </class> <!-- com.qa.api.test.APITest -->
      <class name="com.qa.web.test.DroppableTest">
        <test-method is-config="true" signature="setup()[pri:0, instance:com.qa.web.test.DroppableTest@73a1e9a9]" started-at="2021-08-14T19:12:26 GST" name="setup" finished-at="2021-08-14T19:12:33 GST" duration-ms="7274" status="PASS">
          <reporter-output>
          </reporter-output>
        </test-method> <!-- setup -->
        <test-method signature="dragAndDrop()[pri:0, instance:com.qa.web.test.DroppableTest@73a1e9a9]" started-at="2021-08-14T19:12:33 GST" name="dragAndDrop" finished-at="2021-08-14T19:12:35 GST" duration-ms="1671" status="PASS">
          <reporter-output>
          </reporter-output>
        </test-method> <!-- dragAndDrop -->
        <test-method is-config="true" signature="teardown()[pri:0, instance:com.qa.web.test.DroppableTest@73a1e9a9]" started-at="2021-08-14T19:12:35 GST" name="teardown" finished-at="2021-08-14T19:12:35 GST" duration-ms="146" status="PASS">
          <reporter-output>
          </reporter-output>
        </test-method> <!-- teardown -->
      </class> <!-- com.qa.web.test.DroppableTest -->
    </test> <!-- Web and API Test -->
  </suite> <!-- Nagarro Automation  -->
</testng-results>
